program
	block
		varDeclaration
			var
			x
			,
			squ
			;
		procedureDeclaration
			procedureHead
				procedure
				square
				;
			block
				statement
					compoundStatement
						begin
						statement
							assignment
								squ
								:=
								expression
									term
										factor
											x
										*
										factor
											x
						end
			;
		statement
			compoundStatement
				begin
				statement
					assignment
						x
						:=
						expression
							term
								factor
									1
				;
				statement
					loopStatement
						while
						condition
							expression
								term
									factor
										x
							<=
							expression
								term
									factor
										10
						do
						statement
							compoundStatement
								begin
								statement
									callProcedure
										call
										square
								;
								statement
									writeStatement
										write
										(
										expression
											term
												factor
													squ
										)
								;
								statement
									assignment
										x
										:=
										expression
											term
												factor
													x
											+
											term
												factor
													1
								end
				end
	.
