program
	block
		constDeclaration
			const
			constDefinition
				max
				:=
				100
			;
		varDeclaration
			var
			arg
			,
			ret
			;
		procedureDeclaration
			procedureHead
				procedure
				isprime
				;
			block
				varDeclaration
					var
					i
					;
				statement
					compoundStatement
						begin
						statement
							assignment
								ret
								:=
								expression
									term
										factor
											1
						;
						statement
							assignment
								i
								:=
								expression
									term
										factor
											2
						;
						statement
							loopStatement
								while
								condition
									expression
										term
											factor
												i
									<
									expression
										term
											factor
												arg
								do
								statement
									compoundStatement
										begin
										statement
											conditionStatement
												if
												condition
													expression
														term
															factor
																arg
															/
															factor
																i
															*
															factor
																i
													=
													expression
														term
															factor
																arg
												then
												statement
													compoundStatement
														begin
														statement
															assignment
																ret
																:=
																expression
																	term
																		factor
																			0
														;
														statement
															assignment
																i
																:=
																expression
																	term
																		factor
																			arg
														end
										;
										statement
											assignment
												i
												:=
												expression
													term
														factor
															i
													+
													term
														factor
															1
										end
						end
			;
		procedureDeclaration
			procedureHead
				procedure
				primes
				;
			block
				statement
					compoundStatement
						begin
						statement
							assignment
								arg
								:=
								expression
									term
										factor
											2
						;
						statement
							loopStatement
								while
								condition
									expression
										term
											factor
												arg
									<
									expression
										term
											factor
												max
								do
								statement
									compoundStatement
										begin
										statement
											callProcedure
												call
												isprime
										;
										statement
											conditionStatement
												if
												condition
													expression
														term
															factor
																ret
													=
													expression
														term
															factor
																1
												then
												statement
													writeStatement
														write
														(
														expression
															term
																factor
																	arg
														)
										;
										statement
											assignment
												arg
												:=
												expression
													term
														factor
															arg
													+
													term
														factor
															1
										end
						end
			;
		statement
			callProcedure
				call
				primes
	.
