program
	block
		varDeclaration
			var
			x
			,
			y
			,
			z
			,
			q
			,
			r
			,
			n
			,
			f
			;
		procedureDeclaration
			procedureHead
				procedure
				multiply
				;
			block
				varDeclaration
					var
					a
					,
					b
					;
				statement
					compoundStatement
						begin
						statement
							assignment
								a
								:=
								expression
									term
										factor
											x
						;
						statement
							assignment
								b
								:=
								expression
									term
										factor
											y
						;
						statement
							assignment
								z
								:=
								expression
									term
										factor
											x
										*
										factor
											y
						end
			;
		procedureDeclaration
			procedureHead
				procedure
				divide
				;
			block
				varDeclaration
					var
					w
					;
				statement
					compoundStatement
						begin
						statement
							assignment
								r
								:=
								expression
									term
										factor
											x
						;
						statement
							assignment
								q
								:=
								expression
									term
										factor
											0
						;
						statement
							assignment
								w
								:=
								expression
									term
										factor
											y
						;
						statement
							loopStatement
								while
								condition
									expression
										term
											factor
												w
									<=
									expression
										term
											factor
												r
								do
								statement
									assignment
										w
										:=
										expression
											term
												factor
													2
												*
												factor
													w
						;
						statement
							loopStatement
								while
								condition
									expression
										term
											factor
												w
									>
									expression
										term
											factor
												y
								do
								statement
									compoundStatement
										begin
										statement
											assignment
												q
												:=
												expression
													term
														factor
															2
														*
														factor
															q
										;
										statement
											assignment
												w
												:=
												expression
													term
														factor
															w
														/
														factor
															2
										;
										statement
											conditionStatement
												if
												condition
													expression
														term
															factor
																w
													<=
													expression
														term
															factor
																r
												then
												statement
													compoundStatement
														begin
														statement
															assignment
																r
																:=
																expression
																	term
																		factor
																			r
																	-
																	term
																		factor
																			w
														;
														statement
															assignment
																q
																:=
																expression
																	term
																		factor
																			q
																	+
																	term
																		factor
																			1
														end
										end
						end
			;
		procedureDeclaration
			procedureHead
				procedure
				gcd
				;
			block
				varDeclaration
					var
					g
					;
				statement
					compoundStatement
						begin
						statement
							assignment
								f
								:=
								expression
									term
										factor
											x
						;
						statement
							assignment
								g
								:=
								expression
									term
										factor
											y
						;
						statement
							loopStatement
								while
								condition
									expression
										term
											factor
												f
									#
									expression
										term
											factor
												g
								do
								statement
									compoundStatement
										begin
										statement
											conditionStatement
												if
												condition
													expression
														term
															factor
																f
													<
													expression
														term
															factor
																g
												then
												statement
													assignment
														g
														:=
														expression
															term
																factor
																	g
															-
															term
																factor
																	f
										;
										statement
											conditionStatement
												if
												condition
													expression
														term
															factor
																g
													<
													expression
														term
															factor
																f
												then
												statement
													assignment
														f
														:=
														expression
															term
																factor
																	f
															-
															term
																factor
																	g
										end
						;
						statement
							assignment
								z
								:=
								expression
									term
										factor
											f
						end
			;
		procedureDeclaration
			procedureHead
				procedure
				fact
				;
			block
				statement
					compoundStatement
						begin
						statement
							conditionStatement
								if
								condition
									expression
										term
											factor
												n
									>
									expression
										term
											factor
												1
								then
								statement
									compoundStatement
										begin
										statement
											assignment
												f
												:=
												expression
													term
														factor
															n
														*
														factor
															f
										;
										statement
											assignment
												n
												:=
												expression
													term
														factor
															n
													-
													term
														factor
															1
										;
										statement
											callProcedure
												call
												fact
										end
						end
			;
		statement
			compoundStatement
				begin
				statement
					readStatement
						read
						(
						x
						)
				;
				statement
					readStatement
						read
						(
						y
						)
				;
				statement
					callProcedure
						call
						multiply
				;
				statement
					writeStatement
						write
						(
						expression
							term
								factor
									z
						)
				;
				statement
					readStatement
						read
						(
						x
						)
				;
				statement
					readStatement
						read
						(
						y
						)
				;
				statement
					callProcedure
						call
						divide
				;
				statement
					writeStatement
						write
						(
						expression
							term
								factor
									q
						)
				;
				statement
					writeStatement
						write
						(
						expression
							term
								factor
									r
						)
				;
				statement
					readStatement
						read
						(
						x
						)
				;
				statement
					readStatement
						read
						(
						y
						)
				;
				statement
					callProcedure
						call
						gcd
				;
				statement
					writeStatement
						write
						(
						expression
							term
								factor
									z
						)
				;
				statement
					readStatement
						read
						(
						n
						)
				;
				statement
					assignment
						f
						:=
						expression
							term
								factor
									1
				;
				statement
					callProcedure
						call
						fact
				;
				statement
					writeStatement
						write
						(
						expression
							term
								factor
									f
						)
				end
	.
